#--- Data Import Path
##/DATA_IMPORT_PATH PLY_DATA

#--- Data Export Path
#/DATA_EXPORT_PATH SPBR_DATA/

#--- SPBR Command
#/RepeatLevel 100
#/ImageResolution 512
#/BGColorRGBByte 0 0 0
##/BoundingBox 0 0 0 0.2 0.5 0.5
#/BoundingBox -60216.3 -51670.6 -66940.3 -50856.8 -40100.2 -62519.5
#/ParticleZooming 0
#/Shading 0
#/EndHeader

#--- Data file list
# Input_Datafile_name Output_Datafile_name ALPHA
#pig.ply pig.spbr 0.1
#PLY_DATA/pig.ply pig.spbr 0.1
###~/Data/all0721.txt.ply hachi0721.spbr 0.2 
##~/Data/shrewd/20170227_one_part.ply 
##data.xya   out.spbr  0.2

~/Data/shrewd/20170227_one_part.ply shrewd_2.spbr 0.15
